<?xml version="1.0" encoding="UTF-8"?>
<!-- Generated by org.testng.reporters.JUnitReportReporter -->
<testsuite hostname="KSK-PC" failures="0" tests="4" name="api.test.UserTests2" time="8.653" errors="0" timestamp="2024-07-30T23:57:16 IST" skipped="0">
  <testcase classname="api.test.UserTests2" name="testPostUser" time="3.868"/>
  <system-out/>
  <testcase classname="api.test.UserTests2" name="testGetUserName" time="1.242"/>
  <system-out/>
  <testcase classname="api.test.UserTests2" name="testUpdateUserName" time="2.363"/>
  <system-out/>
  <testcase classname="api.test.UserTests2" name="testDeleteByUserName" time="1.180"/>
  <system-out/>
</testsuite> <!-- api.test.UserTests2 -->
