<?xml version="1.0" encoding="UTF-8"?>
<!-- Generated by org.testng.reporters.JUnitReportReporter -->
<testsuite hostname="KSK-PC" failures="0" tests="4" name="api.test.DDTests" time="7.852" errors="0" timestamp="2024-07-31T21:09:27 IST" skipped="0">
  <testcase classname="api.test.DDTests" name="testPostuser" time="4.150"/>
  <system-out/>
  <testcase classname="api.test.DDTests" name="testPostuser" time="1.163"/>
  <system-out/>
  <testcase classname="api.test.DDTests" name="testDeleteUserByName" time="1.225"/>
  <system-out/>
  <testcase classname="api.test.DDTests" name="testDeleteUserByName" time="1.314"/>
  <system-out/>
</testsuite> <!-- api.test.DDTests -->
