<?xml version="1.0" encoding="UTF-8"?>
<!-- Generated by org.testng.reporters.JUnitReportReporter -->
<testsuite hostname="KSK-PC" failures="0" tests="4" name="api.test.UserTests" time="9.084" errors="0" timestamp="2024-07-29T23:27:39 IST" skipped="0">
  <testcase classname="api.test.UserTests" name="testPostUser" time="3.367"/>
  <system-out/>
  <testcase classname="api.test.UserTests" name="testGetUserName" time="1.688"/>
  <system-out/>
  <testcase classname="api.test.UserTests" name="testUpdateUserName" time="2.690"/>
  <system-out/>
  <testcase classname="api.test.UserTests" name="testDeleteByUserName" time="1.339"/>
  <system-out/>
</testsuite> <!-- api.test.UserTests -->
