<?xml version="1.0" encoding="UTF-8"?>
<!-- Generated by org.testng.reporters.JUnitReportReporter -->
<testsuite skipped="0" hostname="KSK-PC" name="api.test.DDTests" tests="4" failures="0" timestamp="2024-08-01T08:55:01 IST" time="7.740" errors="0">
  <testcase name="testPostuser" time="3.876" classname="api.test.DDTests"/>
  <system-out/>
  <testcase name="testPostuser" time="1.338" classname="api.test.DDTests"/>
  <system-out/>
  <testcase name="testDeleteUserByName" time="1.236" classname="api.test.DDTests"/>
  <system-out/>
  <testcase name="testDeleteUserByName" time="1.290" classname="api.test.DDTests"/>
  <system-out/>
</testsuite> <!-- api.test.DDTests -->
